<?xml version="1.0" encoding="UTF-8"?>
<!-- Generated by org.testng.reporters.JUnitXMLReporter -->
<testsuite hostname="Arati-PC" name="Default test" tests="8" failures="0" timestamp="10 May 2017 05:55:55 GMT" time="161.102" errors="0">
  <testcase name="Survey" time="4.593" classname="testngcase.SurveyListTest"/>
  <testcase name="Search" time="1.019" classname="testngcase.SurveyListTest"/>
  <testcase name="Validation" time="1.017" classname="testngcase.SurveyListTest"/>
  <testcase name="Check" time="1.0" classname="testngcase.SurveyListTest"/>
  <testcase name="AddNew" time="1.0" classname="testngcase.SurveyListTest"/>
  <testcase name="ClickCIAndRI" time="1.0" classname="testngcase.SurveyListTest"/>
  <testcase name="MakeSurveyCertificateAsNA" time="1.0" classname="testngcase.SurveyListTest"/>
  <testcase name="EditAndPendingInspection" time="149.977" classname="testngcase.SurveyListTest"/>
</testsuite> <!-- Default test -->
